<?xml version="1.0" encoding="UTF-8"?>
<!-- Generated by org.testng.reporters.JUnitXMLReporter -->
<testsuite ignored="3" hostname="RJRyzen" failures="0" tests="2" name="GRP-positive" time="0.04" errors="0" timestamp="2021-06-29T14:25:06 CDT">
  <testcase classname="MetagroupTests" name="positiveTest" time="0.008"/>
  <testcase classname="MetagroupTests" name="positiveTest2" time="0.001"/>
  <testcase classname="MetagroupTests" name="negativeTest2" time="0.0">
    <ignored/>
  </testcase> <!-- negativeTest2 -->
  <testcase classname="MetagroupTests" name="negativeTest" time="0.0">
    <ignored/>
  </testcase> <!-- negativeTest -->
  <testcase classname="MetagroupTests" name="test" time="0.0">
    <ignored/>
  </testcase> <!-- test -->
</testsuite> <!-- GRP-positive -->
